This is LuaHBTeX, Version 1.18.0 (TeX Live 2024)  (format=lualatex 2024.12.13)  28 AUG 2025 18:02
 restricted system commands enabled.
 file:line:error style messages enabled.
**c:/Users/takeu/OneDrive/デスクトップ/研究室/Tex/ronbun.tex
(c:/Users/takeu/OneDrive/デスクトップ/研究室/Tex/ronbun.tex
LaTeX2e <2024-11-01> patch level 1
L3 programming layer <2024-11-02>
Lua module: luaotfload 2024-02-14 v3.28 Lua based OpenType font support
Lua module: lualibs 2023-07-13 v2.76 ConTeXt Lua standard libraries.
Lua module: lualibs-extended 2023-07-13 v2.76 ConTeXt Lua libraries -- extended collection.
luaotfload | conf : Root cache directory is "C:/texlive/2024/texmf-var/luatex-cache/generic/names".
luaotfload | init : Loading fontloader "fontloader-2023-12-28.lua" from kpse-resolved path "c:/texlive/2024/texmf-dist/tex/luatex/luaotfload/fontloader-2023-12-28.lua".
Lua-only attribute luaotfload@noligature = 1
luaotfload | init : Context OpenType loader version 3.134
Inserting `luaotfload.node_processor' in `pre_linebreak_filter'.
Inserting `luaotfload.node_processor' in `hpack_filter'.
Inserting `luaotfload.glyph_stream' in `glyph_stream_provider'.
Inserting `luaotfload.define_font' in `define_font'.
Lua-only attribute luaotfload_color_attribute = 2
luaotfload | conf : Root cache directory is "C:/texlive/2024/texmf-var/luatex-cache/generic/names".
Inserting `luaotfload.harf.strip_prefix' in `find_opentype_file'.
Inserting `luaotfload.harf.strip_prefix' in `find_truetype_file'.
Removing  `luaotfload.glyph_stream' from `glyph_stream_provider'.
Inserting `luaotfload.harf.glyphstream' in `glyph_stream_provider'.
Inserting `luaotfload.harf.finalize_vlist' in `post_linebreak_filter'.
Inserting `luaotfload.harf.finalize_hlist' in `hpack_filter'.
Inserting `luaotfload.cleanup_files' in `wrapup_run'.
Inserting `luaotfload.harf.finalize_unicode' in `finish_pdffile'.
Inserting `luaotfload.glyphinfo' in `glyph_info'.
Lua-only attribute luaotfload.letterspace_done = 3
Inserting `luaotfload.aux.set_sscale_dimens' in `luaotfload.patch_font'.
Inserting `luaotfload.aux.set_font_index' in `luaotfload.patch_font'.
Inserting `luaotfload.aux.patch_cambria_domh' in `luaotfload.patch_font'.
Inserting `luaotfload.aux.fixup_fontdata' in `luaotfload.patch_font_unsafe'.
Inserting `luaotfload.aux.set_capheight' in `luaotfload.patch_font'.
Inserting `luaotfload.aux.set_xheight' in `luaotfload.patch_font'.
Inserting `luaotfload.rewrite_fontname' in `luaotfload.patch_font'.
Inserting `tracingstacklevels' in `input_level_string'. (c:/texlive/2024/texmf-dist/tex/luatex/luatexja/ltjsarticle.cls
Document Class: ltjsarticle 2023/07/26 ltjsclasses 
(c:/texlive/2024/texmf-dist/tex/luatex/luatexja/luatexja.sty
Package: luatexja 2024-10-14 Japanese Typesetting with Lua(La)TeX
 (c:/texlive/2024/texmf-dist/tex/luatex/luatexja/luatexja-core.sty
Package: luatexja-core 2023-10-07 Core of LuaTeX-ja
 (c:/texlive/2024/texmf-dist/tex/generic/infwarerr/infwarerr.sty
Package: infwarerr 2019/12/03 v1.5 Providing info/warning/error messages (HO)
) (c:/texlive/2024/texmf-dist/tex/luatex/luatexbase/luatexbase.sty
Package: luatexbase 2015/10/04 v1.3 luatexbase interface to LuaTeX 
 (c:/texlive/2024/texmf-dist/tex/luatex/ctablestack/ctablestack.sty
Package: ctablestack 2015/10/01 v1.0 Catcode table stable support
\@catcodetablestackcnt=\count194
)
\CatcodeTableOther=\catcodetable14
\CatcodeTableExpl=\catcodetable15
) (c:/texlive/2024/texmf-dist/tex/generic/ltxcmds/ltxcmds.sty
Package: ltxcmds 2023-12-04 v1.26 LaTeX kernel commands for general use (HO)
) (c:/texlive/2024/texmf-dist/tex/generic/pdftexcmds/pdftexcmds.sty
Package: pdftexcmds 2020-06-27 v0.33 Utility functions of pdfTeX for LuaTeX (HO)
 (c:/texlive/2024/texmf-dist/tex/generic/iftex/iftex.sty
Package: iftex 2022/02/03 v1.0f TeX engine tests
)
Package pdftexcmds Info: \pdf@primitive is available.
Package pdftexcmds Info: \pdf@ifprimitive is available.
Package pdftexcmds Info: \pdfdraftmode found.
\pdftexcmds@toks=\toks17
) (c:/texlive/2024/texmf-dist/tex/latex/xkeyval/xkeyval.sty
Package: xkeyval 2022/06/16 v2.9 package option processing (HA)
 (c:/texlive/2024/texmf-dist/tex/generic/xkeyval/xkeyval.tex (c:/texlive/2024/texmf-dist/tex/generic/xkeyval/xkvutils.tex
\XKV@toks=\toks18
\XKV@tempa@toks=\toks19
 (c:/texlive/2024/texmf-dist/tex/generic/xkeyval/keyval.tex))
\XKV@depth=\count195
File: xkeyval.tex 2014/12/03 v2.7a key=value parser (HA)
)) (c:/texlive/2024/texmf-dist/tex/latex/etoolbox/etoolbox.sty
Package: etoolbox 2020/10/05 v2.5k e-TeX tools for LaTeX (JAW)
\etb@tempcnta=\count196
) (c:/texlive/2024/texmf-dist/tex/latex/everyhook/everyhook.sty (c:/texlive/2024/texmf-dist/tex/latex/svn-prov/svn-prov.sty
Package: svn-prov 2010/04/24 v3.1862 Package Date/Version from SVN Keywords
)
Package: everyhook 2014/11/26 v1.2 (SVN Rev: 12)\ Hooks for low level TeX everyX primitives.
\everypar=\toks20
\frozen@everymath=\toks21
\frozen@everydisplay=\toks22
\everyhbox=\toks23
\everyvbox=\toks24
\everycr=\toks25
)
\ltjlineendcomment=\count197
\ltj@dimen@zw=\dimen140
\ltj@dimen@zh=\dimen141
\ltj@dimen@jQ=\dimen142
\ltj@icflag=\attribute4
\ltj@curjfnt=\attribute5
\ltj@curtfnt=\attribute6
\ltj@charclass=\attribute7
\ltj@charcode=\attribute8
\ltj@autospc=\attribute9
\ltj@autoxspc=\attribute10
\ltj@yablshift=\attribute11
\ltj@ykblshift=\attribute12
\ltj@tablshift=\attribute13
\ltj@tkblshift=\attribute14
\jfam=\attribute15
\ltj@vert@ori=\attribute16
\ltj@dir=\attribute17
\ltj@@japanese=\language2
\ltj@tempcnta=\count198
\ltj@tempdima=\dimen143
\ltj@@stack=\count199
\ltj@@group@level=\count266
\ltj@kcat0=\attribute18
\ltj@kcat1=\attribute19
\ltj@kcat2=\attribute20
\ltj@kcat3=\attribute21
\ltj@kcat4=\attribute22
\ltj@kcat5=\attribute23
\ltj@kcat6=\attribute24
Custom whatsit inhibitglue = 1
Custom whatsit stack_marker = 2
Custom whatsit begin_par = 3
Custom whatsit direction = 4
Custom whatsit box_boundary = 5
Custom whatsit ja_al_boundary = 6(load cache: ltj-cid-auto-adobe-japan1.luc)
Lua module: luatexja.charrange 2022-08-19 Handling the range of Japanese characters
Lua module: luatexja.stack 2022-08-20 LuaTeX-ja stack system
Inserting `ltj.create_dir_whatsit' in `hpack_filter'.
Inserting `ltj.create_dir_whatsit' in `post_linebreak_filter'.
Inserting `ltj.direction' in `vpack_filter'.
Inserting `ltj.direction' in `pre_output_filter'.
Inserting `ltj.lineskip' in `post_linebreak_filter'.
Inserting `ltj.lineskip' in `append_to_vlist_filter'.
Lua module: luatexja.jfont 2024-07-25 Loader for Japanese fonts
Removing  `luaotfload.define_font' from `define_font'.
Inserting `luatexja.font_callback' in `define_font'.
Removing  `luaotfload.aux.set_sscale_dimens' from `luaotfload.patch_font'.
Removing  `luaotfload.aux.set_font_index' from `luaotfload.patch_font'.
Removing  `luaotfload.aux.patch_cambria_domh' from `luaotfload.patch_font'.
Removing  `luaotfload.aux.set_capheight' from `luaotfload.patch_font'.
Removing  `luaotfload.aux.set_xheight' from `luaotfload.patch_font'.
Removing  `luaotfload.rewrite_fontname' from `luaotfload.patch_font'.
Inserting `ltj.prepare_extra_data' in `luaotfload.patch_font'.
Inserting `luaotfload.aux.set_sscale_dimens' in `luaotfload.patch_font'.
Inserting `luaotfload.aux.set_font_index' in `luaotfload.patch_font'.
Inserting `luaotfload.aux.patch_cambria_domh' in `luaotfload.patch_font'.
Inserting `luaotfload.aux.set_capheight' in `luaotfload.patch_font'.
Inserting `luaotfload.aux.set_xheight' in `luaotfload.patch_font'.
Inserting `luaotfload.rewrite_fontname' in `luaotfload.patch_font'.
Inserting `ltj.prepare_extra_data' in `luatexja.define_font'.
Inserting `ltj.get_vert_form' in `luatexja.define_jfont'.
Removing  `ltj.prepare_extra_data' from `luaotfload.patch_font'.
Removing  `luaotfload.aux.set_sscale_dimens' from `luaotfload.patch_font'.
Removing  `luaotfload.aux.set_font_index' from `luaotfload.patch_font'.
Removing  `luaotfload.aux.patch_cambria_domh' from `luaotfload.patch_font'.
Removing  `luaotfload.aux.set_capheight' from `luaotfload.patch_font'.
Removing  `luaotfload.aux.set_xheight' from `luaotfload.patch_font'.
Removing  `luaotfload.rewrite_fontname' from `luaotfload.patch_font'.
Inserting `ltj.supply_tounicode' in `luaotfload.patch_font'.
Inserting `ltj.prepare_extra_data' in `luaotfload.patch_font'.
Inserting `luaotfload.aux.set_sscale_dimens' in `luaotfload.patch_font'.
Inserting `luaotfload.aux.set_font_index' in `luaotfload.patch_font'.
Inserting `luaotfload.aux.patch_cambria_domh' in `luaotfload.patch_font'.
Inserting `luaotfload.aux.set_capheight' in `luaotfload.patch_font'.
Inserting `luaotfload.aux.set_xheight' in `luaotfload.patch_font'.
Inserting `luaotfload.rewrite_fontname' in `luaotfload.patch_font'.
Inserting `ltj.process_input_buffer' in `process_input_buffer'.
Inserting `ltj.hyphenate' in `hyphenate'.
Removing  `luaotfload.node_processor' from `hpack_filter'.
Removing  `luaotfload.harf.finalize_hlist' from `hpack_filter'.
Removing  `ltj.create_dir_whatsit' from `hpack_filter'.
Inserting `ltj.set_stack_level' in `hpack_filter'.
Inserting `luaotfload.node_processor' in `hpack_filter'.
Inserting `luaotfload.harf.finalize_hlist' in `hpack_filter'.
Inserting `ltj.create_dir_whatsit' in `hpack_filter'.
Removing  `luaotfload.node_processor' from `pre_linebreak_filter'.
Inserting `ltj.set_stack_level' in `pre_linebreak_filter'.
Inserting `luaotfload.node_processor' in `pre_linebreak_filter'.
Lua module: luatexja.jfmglue 2024-10-12 Insertion process of JFM glues, [x]kanjiskip and others
Inserting `luatexja.beginpar.np_info' in `luatexja.jfmglue.whatsit_getinfo'.
Inserting `luatexja.beginpar.np_info_after' in `luatexja.jfmglue.whatsit_after'.
Inserting `ltj.mlist_to_hlist_pre' in `pre_mlist_to_hlist_filter'.
Inserting `ltj.main' in `pre_linebreak_filter'.
Removing  `luaotfload.harf.finalize_hlist' from `hpack_filter'.
Removing  `ltj.create_dir_whatsit' from `hpack_filter'.
Inserting `ltj.main' in `hpack_filter'.
Inserting `luaotfload.harf.finalize_hlist' in `hpack_filter'.
Inserting `ltj.create_dir_whatsit' in `hpack_filter'.
Removing  `ltj.set_stack_level' from `pre_linebreak_filter'.
Removing  `luaotfload.node_processor' from `pre_linebreak_filter'.
Removing  `ltj.main' from `pre_linebreak_filter'.
Inserting `ltj.adjust_icflag' in `pre_linebreak_filter'.
Inserting `ltj.set_stack_level' in `pre_linebreak_filter'.
Inserting `luaotfload.node_processor' in `pre_linebreak_filter'.
Inserting `ltj.main' in `pre_linebreak_filter'.
Removing  `ltj.set_stack_level' from `hpack_filter'.
Removing  `luaotfload.node_processor' from `hpack_filter'.
Removing  `ltj.main' from `hpack_filter'.
Removing  `luaotfload.harf.finalize_hlist' from `hpack_filter'.
Removing  `ltj.create_dir_whatsit' from `hpack_filter'.
Inserting `ltj.adjust_icflag' in `hpack_filter'.
Inserting `ltj.set_stack_level' in `hpack_filter'.
Inserting `luaotfload.node_processor' in `hpack_filter'.
Inserting `ltj.main' in `hpack_filter'.
Inserting `luaotfload.harf.finalize_hlist' in `hpack_filter'.
Inserting `ltj.create_dir_whatsit' in `hpack_filter'. (c:/texlive/2024/texmf-dist/tex/luatex/luatexja/ltj-base.sty
Package: ltj-base 2021-03-16
\ltj@tempcntb=\count267
\ltj@tempcntc=\count268
\ltj@afbox=\box52
)
\ltj@@italic@inner=\luafunction29
\ltj@@start@time@measure@inner=\luafunction30
\ltj@@stop@time@measure@inner=\luafunction31
\ltj@@jfont@inner=\luafunction32
\ltj@zw@inner=\luafunction33
\ltj@zh@inner=\luafunction34
\ltj@reset@globaldefs@inner=\luafunction35
\ltj@restore@globaldefs@inner=\luafunction36
\ltj@@disihb@inner=\luafunction37
\ltj@@ihb@inner=\luafunction38
\ltj@@fakeparbegin@inner=\luafunction39
\ltj@@fakeboxbdd@inner=\luafunction40
\ltj@@ins@xk@inner=\luafunction41
\ltj@@ins@k@inner=\luafunction42
\ltjsetkanjiskip@inner=\luafunction43
\ltjsetxkanjiskip@inner=\luafunction44
\ltj@@getparam@one@inner=\luafunction45
\ltj@alljachar@inner=\luafunction46
\ltj@@lua@populate@insertwhatsit@inner=\luafunction47
\ltj@@vadjust@begin@inner=\luafunction48
\ltj@@vadjust@dirhook@inner=\luafunction49
\ltj@@vadjust@check@dir@inner=\luafunction50
\ltj@@box@dirhook@inner=\luafunction51
\ltj@@reset@badness@inner=\luafunction52
\ltj@@lua@raisebox@inner=\luafunction53
\ltj@@vsplit@inner=\luafunction54
\ltj@@lua@unboxcheckdir@inner=\luafunction55
\ltj@@lua@uncopycheckdir@inner=\luafunction56
\ltj@@lua@uncopy@restore@whatsit@inner=\luafunction57
(load cache: ltj-kinsoku_default.luc) (c:/texlive/2024/texmf-dist/tex/luatex/luatexja/ltj-latex.sty
Package: ltj-latex 2024-05-16 LaTeX support of LuaTeX-ja
Inserting `ltj.direction' in `pre_shipout_filter'. (c:/texlive/2024/texmf-dist/tex/luatex/luatexja/patches/lltjfont.sty
Package: lltjfont 2023-05-16 Patch to NFSS2 for LuaTeX-ja
\ltj@@latex@plv=\count269
 (c:/texlive/2024/texmf-dist/tex/latex/base/tuenc.def
File: tuenc.def 2021/04/29 v2.0v Standard LaTeX file
\@remove@tlig@@@=\luafunction58
LaTeX Font Info:    Redeclaring font encoding TU on input line 105.
)
\Cht=\dimen144
\cht=\dimen145
\Cdp=\dimen146
\cdp=\dimen147
\Cwd=\dimen148
\cwd=\dimen149
\Cvs=\dimen150
\cvs=\dimen151
\Chs=\dimen152
\chs=\dimen153
\cHT=\dimen154
\dstrutbox=\box53
\tstrutbox=\box54
\zstrutbox=\box55
LaTeX Info: Redefining \strut on input line 70.
\ltj@@add@fenc@@inner=\luafunction59
\ltj@@add@kyenc@@inner=\luafunction60
\ltj@@add@ktenc@@inner=\luafunction61
\ltj@@is@kyenc@@inner=\luafunction62
\ltj@@is@ktenc@@inner=\luafunction63
\ltj@@is@kenc@@inner=\luafunction64
\ltj@@is@ffam@@inner=\luafunction65
\ltj@@add@ffam@@inner=\luafunction66
\ltj@@add@kfam@@inner=\luafunction67
\ltj@@adjust@baseline@inner=\luafunction68
LaTeX Info: Redefining \fontencoding on input line 572.
LaTeX Info: Redefining \fontfamily on input line 615.
LaTeX Info: Redefining \fontseries on input line 769.
LaTeX Info: Redefining \fontseriesforce on input line 770.
LaTeX Info: Redefining \fontshape on input line 778.
LaTeX Info: Redefining \fontshapeforce on input line 789.
\ltj@@jfont@@jfmonly@@inner=\luafunction69
\ltj@@does@alt@set@@inner=\luafunction70
\ltj@@cipath@clear@inner=\luafunction71
) (c:/texlive/2024/texmf-dist/tex/luatex/luatexja/patches/lltjdefs.sty
Package: lltjdefs 2024-05-16 Default font settings of LuaTeX-ja
luaotfload | db : Font names database loaded from C:/texlive/2024/texmf-var/luatex-cache/generic/names/luaotfload-names.luc.gz(load cache: extra_lmroman10-regular.luc)
LaTeX Font Info:    Font shape `JT3/mc/m/n' will be
(Font)              scaled to size 9.24713pt on input line 69.

(c:/texlive/2024/texmf-dist/tex/luatex/luatexja/jfm-ujisv.lua)
LaTeX Font Info:    Font shape `JY3/mc/m/n' will be
(Font)              scaled to size 9.24713pt on input line 69.
(load cache: extra_haranoajimincho-regular.luc)
(c:/texlive/2024/texmf-dist/tex/luatex/luatexja/jfm-ujis.lua)
\symmincho=\mathgroup4
LaTeX Font Info:    Overwriting symbol font `mincho' in version `bold'
(Font)                  JY3/mc/m/n --> JY3/gt/m/n on input line 78.
) (c:/texlive/2024/texmf-dist/tex/luatex/luatexja/patches/lltjcore.sty
Package: lltjcore 2023-02-26 Patch to LaTeX2e Kernel for LuaTeX-ja
 (c:/texlive/2024/texmf-dist/tex/latex/l3kernel/expl3.sty
Package: expl3 2024-11-02 L3 programming layer (loader) 
 (c:/texlive/2024/texmf-dist/tex/latex/l3backend/l3backend-luatex.def
File: l3backend-luatex.def 2024-05-08 L3 backend support: PDF output (LuaTeX)
\l__color_backend_stack_int=\count270
Inserting `l3color' in `luaotfload.parse_color'.
\l__pdf_internal_box=\box56
))
\@tombowwidth=\dimen155
\@TL=\box57
\@Tl=\box58
\@TC=\box59
\@TR=\box60
\@Tr=\box61
\@BL=\box62
\@Bl=\box63
\@BC=\box64
\@BR=\box65
\@Br=\box66
\@CL=\box67
\@CR=\box68
(load cache: extra_lmmono9-regular.luc)
\@bannertoken=\toks26
\@@paperheight=\dimen156
\@@paperwidth=\dimen157
\@@topmargin=\dimen158
LaTeX Info: Redefining \underline on input line 284.
) (c:/texlive/2024/texmf-dist/tex/luatex/luatexja/patches/lltjp-atbegshi.sty
Package: lltjp-atbegshi 2024-05-14 Patching \shipout hooks for LuaTeX-ja
\l__platex_shipout_dummy_box=\box69
) (c:/texlive/2024/texmf-dist/tex/luatex/luatexja/patches/lltjp-geometry.sty
Package: lltjp-geometry 2024-05-16 Patch to geometry for LuaTeX-ja with vertical writing mode
 (c:/texlive/2024/texmf-dist/tex/generic/iftex/ifluatex.sty
Package: ifluatex 2019/10/25 v1.5 ifluatex legacy package. Use iftex instead.
)))
\ltj@temp@cctb=\catcodetable16
) (c:/texlive/2024/texmf-dist/tex/luatex/luatexja/luatexja-compat.sty
Package: luatexja-compat 2020-08-08 Compatibility with pTeX
(load cache: ltj-jisx0208.luc)
\hour=\count271
\minute=\count272
))
\jsc@mpt=\dimen159
\jsc@mmm=\dimen160
\ltjs@@magnify@font@calc=\luafunction72
\jsc@smallskipamount=\skip49
LaTeX Font Info:    Font shape `JY3/mc/m/n' will be
(Font)              scaled to size 10.12836pt on input line 416.
LaTeX Font Info:    Font shape `JT3/mc/m/n' will be
(Font)              scaled to size 9.24713pt on input line 416.
LaTeX Font Info:    Font shape `JY3/mc/m/n' will be
(Font)              scaled to size 9.24713pt on input line 416.
\fullwidth=\dimen161
(load cache: extra_lmroman8-regular.luc)
LaTeX Font Info:    Font shape `JT3/mc/m/n' will be
(Font)              scaled to size 7.3977pt on input line 557.
LaTeX Font Info:    Font shape `JY3/mc/m/n' will be
(Font)              scaled to size 7.3977pt on input line 557.
\c@part=\count273
\c@section=\count274
\c@subsection=\count275
\c@subsubsection=\count276
\c@paragraph=\count277
\c@subparagraph=\count278
\@abstractbox=\box70
\c@figure=\count279
\c@table=\count280
\abovecaptionskip=\skip50
\belowcaptionskip=\skip51
LaTeX Info: Redefining \mc on input line 1210.
LaTeX Info: Redefining \gt on input line 1211.
\jsc@tocl@width=\dimen162
\@lnumwidth=\dimen163
\bibindent=\dimen164
 (c:/texlive/2024/texmf-dist/tex/platex/jsclasses/jslogo.sty
Package: jslogo 2019/07/25 okumura, texjporg
LaTeX Info: Redefining \TeX on input line 82.
LaTeX Info: Redefining \LaTeX on input line 135.
LaTeX Info: Redefining \LaTeXe on input line 188.
)
\heisei=\count281
 (c:/texlive/2024/texmf-dist/tex/latex/sttools/stfloats.sty
Package: stfloats 2017/03/27 v3.3 Improve float mechanism and baselineskip settings
\@dblbotnum=\count282
\c@dblbotnumber=\count283
) (c:/texlive/2024/texmf-dist/tex/luatex/luatexja/patches/lltjp-stfloats.sty)) (c:/texlive/2024/texmf-dist/tex/luatex/luatexja/addons/luatexja-preset.sty
Package: luatexja-preset 2024-03-30 Japanese font presets
 (c:/texlive/2024/texmf-dist/tex/latex/l3packages/l3keys2e/l3keys2e.sty
Package: l3keys2e 2024-08-16 LaTeX2e option processing using LaTeX3 keys
)
\g__ltjpreset_applycount_int=\count284
 (c:/texlive/2024/texmf-dist/tex/luatex/luatexja/addons/luatexja-fontspec.sty
Package: luatexja-fontspec 2024-05-14 fontspec support of LuaTeX-ja
 (c:/texlive/2024/texmf-dist/tex/latex/fontspec/fontspec.sty (c:/texlive/2024/texmf-dist/tex/latex/l3packages/xparse/xparse.sty
Package: xparse 2024-08-16 L3 Experimental document command parser
)
Package: fontspec 2024/05/11 v2.9e Font selection for XeLaTeX and LuaLaTeX
Lua module: fontspec 2024/05/11 v2.9e Font selection for XeLaTeX and LuaLaTeX (c:/texlive/2024/texmf-dist/tex/latex/fontspec/fontspec-luatex.sty
Package: fontspec-luatex 2024/05/11 v2.9e Font selection for XeLaTeX and LuaLaTeX
\l__fontspec_script_int=\count285
\l__fontspec_language_int=\count286
\l__fontspec_strnum_int=\count287
\l__fontspec_tmp_int=\count288
\l__fontspec_tmpa_int=\count289
\l__fontspec_tmpb_int=\count290
\l__fontspec_tmpc_int=\count291
\l__fontspec_em_int=\count292
\l__fontspec_emdef_int=\count293
\l__fontspec_strong_int=\count294
\l__fontspec_strongdef_int=\count295
\l__fontspec_tmpa_dim=\dimen165
\l__fontspec_tmpb_dim=\dimen166
\l__fontspec_tmpc_dim=\dimen167
 (c:/texlive/2024/texmf-dist/tex/latex/base/fontenc.sty
Package: fontenc 2021/04/29 v2.0v Standard LaTeX package
) (c:/texlive/2024/texmf-dist/tex/latex/fontspec/fontspec.cfg)(load cache: extra_lmroman10-bold.luc)
LaTeX Font Info:    Font shape `JT3/mc/b/n' in size <10> not available
(Font)              Font shape `JT3/gt/m/n' tried instead on input line 3978.
LaTeX Font Info:    Font shape `JT3/gt/m/n' will be
(Font)              scaled to size 10.12836pt on input line 3978.
LaTeX Font Info:    Font shape `JY3/mc/b/n' in size <10> not available
(Font)              Font shape `JY3/gt/m/n' tried instead on input line 3978.
LaTeX Font Info:    Font shape `JY3/gt/m/n' will be
(Font)              scaled to size 10.12836pt on input line 3978.
(load cache: extra_haranoajigothic-medium.luc))) (c:/texlive/2024/texmf-dist/tex/luatex/luatexja/patches/lltjp-fontspec.sty) (c:/texlive/2024/texmf-dist/tex/luatex/luatexja/addons/luatexja-fontspec-29e.sty
Package: luatexja-fontspec-29e 2024-05-27 fontspec support of LuaTeX-ja
\g__ltj_fontspec_altnumber_int=\count296
))

Package luatexja-preset Warning: Japanese fonts will be scaled by 0.924715.


Package luatexja-fontspec Warning: \addjfontfeature(s) ignored;
(luatexja-fontspec)                it cannot be used with a font that wasn't
(luatexja-fontspec)                selected by luatexja-fontspec.

luaotfload | cache : Lookup cache loaded from C:/texlive/2024/texmf-var/luatex-cache/generic/names/luaotfload-lookup-cache.luc.(load cache: extra_ipaexmincho.luc)

Package fontspec Info: 
(fontspec)             IPAExMincho scale = 0.924715.

(load cache: extra_ipaexgothic.luc)

Package fontspec Info: 
(fontspec)             Could not resolve font "IPAExGothic/I" (it probably
(fontspec)             doesn't exist).


Package fontspec Info: 
(fontspec)             Could not resolve font "IPAExMincho/BI" (it probably
(fontspec)             doesn't exist).


Package fontspec Info: 
(fontspec)             Could not resolve font "IPAExMincho/I" (it probably
(fontspec)             doesn't exist).


Package fontspec Info: 
(fontspec)             IPAExMincho scale = 0.924715.


Package fontspec Info: 
(fontspec)             IPAExMincho scale = 0.924715.


Package fontspec Info: 
(fontspec)             IPAExGothic scale = 0.924715.


Package fontspec Info: 
(fontspec)             IPAExGothic scale = 0.924715.


Package fontspec Info: 
(fontspec)             Font family 'IPAExMincho(0)' created for font
(fontspec)             'IPAExMincho' with options
(fontspec)             [YokoFeatures={JFM=ujis},TateFeatures={JFM=ujisv},Scale=0.924715,Kerning=Off,Script=CJK,BoldFont=IPAExGothic,YokoFeatures={JFM=ujis},TateFeatures={JFM=ujisv},Script=CJK].
(fontspec)              
(fontspec)              This font family consists of the following NFSS
(fontspec)             series/shapes:
(fontspec)              

LaTeX Font Info:    Redeclaring symbol font `mincho' on input line 734.
LaTeX Font Info:    Overwriting symbol font `mincho' in version `normal'
(Font)                  JY3/mc/m/n --> JY3/IPAExMincho(0)/m/n on input line 734.
LaTeX Font Info:    Overwriting symbol font `mincho' in version `bold'
(Font)                  JY3/gt/m/n --> JY3/IPAExMincho(0)/m/n on input line 734.
LaTeX Font Info:    Overwriting symbol font `mincho' in version `bold'
(Font)                  JY3/IPAExMincho(0)/m/n --> JY3/IPAExMincho(0)/b/n on input line 734.
LaTeX Font Info:    Font shape `JT3/IPAExMincho(0)/m/n' will be
(Font)              scaled to size 9.24713pt on input line 734.
LaTeX Font Info:    Font shape `JY3/IPAExMincho(0)/m/n' will be
(Font)              scaled to size 9.24713pt on input line 734.

Package fontspec Info: 
(fontspec)             IPAExGothic scale = 0.924715.


Package fontspec Info: 
(fontspec)             Could not resolve font "IPAExGothic/I" (it probably
(fontspec)             doesn't exist).


Package fontspec Info: 
(fontspec)             Could not resolve font "IPAExGothic/BI" (it probably
(fontspec)             doesn't exist).


Package fontspec Info: 
(fontspec)             Could not resolve font "IPAExGothic/I" (it probably
(fontspec)             doesn't exist).


Package fontspec Info: 
(fontspec)             IPAExGothic scale = 0.924715.


Package fontspec Info: 
(fontspec)             IPAExGothic scale = 0.924715.


Package fontspec Info: 
(fontspec)             IPAExGothic scale = 0.924715.


Package fontspec Info: 
(fontspec)             IPAExGothic scale = 0.924715.


Package fontspec Info: 
(fontspec)             Font family 'IPAExGothic(0)' created for font
(fontspec)             'IPAExGothic' with options
(fontspec)             [YokoFeatures={JFM=ujis},TateFeatures={JFM=ujisv},Scale=0.924715,Kerning=Off,Script=CJK,BoldFont=IPAExGothic,YokoFeatures={JFM=ujis},TateFeatures={JFM=ujisv},Script=CJK].
(fontspec)              
(fontspec)              This font family consists of the following NFSS
(fontspec)             series/shapes:
(fontspec)              

LaTeX Font Info:    Redeclaring math alphabet \mathgt on input line 734.
LaTeX Font Info:    Overwriting math alphabet `\mathgt' in version `normal'
(Font)                  JY3/gt/m/n --> JY3/IPAExGothic(0)/m/n on input line 734.
LaTeX Font Info:    Overwriting math alphabet `\mathgt' in version `bold'
(Font)                  JY3/gt/m/n --> JY3/IPAExGothic(0)/m/n on input line 734.
) (c:/texlive/2024/texmf-dist/tex/latex/base/ifthen.sty
Package: ifthen 2024/03/16 v1.1e Standard LaTeX ifthen package (DPC)
) (c:/texlive/2024/texmf-dist/tex/latex/algorithms/algorithm.sty
Package: algorithm 2009/08/24 v0.1 Document Style `algorithm' - floating environment
 (c:/texlive/2024/texmf-dist/tex/latex/float/float.sty
Package: float 2001/11/08 v1.3d Float enhancements (AL)
\c@float@type=\count297
\float@exts=\toks27
\float@box=\box71
\@float@everytoks=\toks28
\@floatcapt=\box72
)
\@float@every@algorithm=\toks29
\c@algorithm=\count298
) (c:/texlive/2024/texmf-dist/tex/latex/algorithmicx/algorithmicx.sty
Package: algorithmicx 2005/04/27 v1.2 Algorithmicx

Document Style algorithmicx 1.2 - a greatly improved `algorithmic' style
\c@ALG@line=\count299
\c@ALG@rem=\count300
\c@ALG@nested=\count301
\ALG@tlm=\skip52
\ALG@thistlm=\skip53
\c@ALG@Lnr=\count302
\c@ALG@blocknr=\count303
\c@ALG@storecount=\count304
\c@ALG@tmpcounter=\count305
\ALG@tmplength=\skip54
) (c:/texlive/2024/texmf-dist/tex/latex/algorithmicx/algpseudocode.sty
Package: algpseudocode 

Document Style - pseudocode environments for use with the `algorithmicx' style
) (c:/texlive/2024/texmf-dist/tex/latex/amsmath/amsmath.sty
Package: amsmath 2024/11/05 v2.17t AMS math features
\@mathmargin=\skip55

For additional information on amsmath, use the `?' option.
(c:/texlive/2024/texmf-dist/tex/latex/amsmath/amstext.sty
Package: amstext 2021/08/26 v2.01 AMS text
 (c:/texlive/2024/texmf-dist/tex/latex/amsmath/amsgen.sty
File: amsgen.sty 1999/11/30 v2.0 generic functions
\@emptytoks=\toks30
\ex@=\dimen168
)) (c:/texlive/2024/texmf-dist/tex/latex/amsmath/amsbsy.sty
Package: amsbsy 1999/11/29 v1.2d Bold Symbols
\pmbraise@=\dimen169
) (c:/texlive/2024/texmf-dist/tex/latex/amsmath/amsopn.sty
Package: amsopn 2022/04/08 v2.04 operator names
)
\inf@bad=\count306
LaTeX Info: Redefining \frac on input line 235.
\uproot@=\count307
\leftroot@=\count308
LaTeX Info: Redefining \overline on input line 398.
LaTeX Info: Redefining \colon on input line 409.
\classnum@=\count309
\DOTSCASE@=\count310
LaTeX Info: Redefining \ldots on input line 495.
LaTeX Info: Redefining \dots on input line 498.
LaTeX Info: Redefining \cdots on input line 619.
\Mathstrutbox@=\box73
\strutbox@=\box74
LaTeX Info: Redefining \big on input line 721.
LaTeX Info: Redefining \Big on input line 722.
LaTeX Info: Redefining \bigg on input line 723.
LaTeX Info: Redefining \Bigg on input line 724.
\big@size=\dimen170
LaTeX Font Info:    Redeclaring font encoding OML on input line 742.
LaTeX Font Info:    Redeclaring font encoding OMS on input line 743.
\macc@depth=\count311
LaTeX Info: Redefining \bmod on input line 904.
LaTeX Info: Redefining \pmod on input line 909.
LaTeX Info: Redefining \smash on input line 939.
LaTeX Info: Redefining \relbar on input line 969.
LaTeX Info: Redefining \Relbar on input line 970.
\c@MaxMatrixCols=\count312
\dotsspace@=\muskip17
\c@parentequation=\count313
\dspbrk@lvl=\count314
\tag@help=\toks31
\row@=\count315
\column@=\count316
\maxfields@=\count317
\andhelp@=\toks32
\eqnshift@=\dimen171
\alignsep@=\dimen172
\tagshift@=\dimen173
\tagwidth@=\dimen174
\totwidth@=\dimen175
\lineht@=\dimen176
\@envbody=\toks33
\multlinegap=\skip56
\multlinetaggap=\skip57
\mathdisplay@stack=\toks34
LaTeX Info: Redefining \[ on input line 2953.
LaTeX Info: Redefining \] on input line 2954.
) (./out/ronbun.aux)
\openout1 = ronbun.aux

LaTeX Font Info:    Checking defaults for OML/cmm/m/it on input line 119.
LaTeX Font Info:    ... okay on input line 119.
LaTeX Font Info:    Checking defaults for OMS/cmsy/m/n on input line 119.
LaTeX Font Info:    ... okay on input line 119.
LaTeX Font Info:    Checking defaults for OT1/cmr/m/n on input line 119.
LaTeX Font Info:    ... okay on input line 119.
LaTeX Font Info:    Checking defaults for T1/cmr/m/n on input line 119.
LaTeX Font Info:    ... okay on input line 119.
LaTeX Font Info:    Checking defaults for TS1/cmr/m/n on input line 119.
LaTeX Font Info:    ... okay on input line 119.
LaTeX Font Info:    Checking defaults for TU/lmr/m/n on input line 119.
LaTeX Font Info:    ... okay on input line 119.
LaTeX Font Info:    Checking defaults for OMX/cmex/m/n on input line 119.
LaTeX Font Info:    ... okay on input line 119.
LaTeX Font Info:    Checking defaults for U/cmr/m/n on input line 119.
LaTeX Font Info:    ... okay on input line 119.
LaTeX Font Info:    Checking defaults for JY3/mc/m/n on input line 119.
LaTeX Font Info:    ... okay on input line 119.
LaTeX Font Info:    Checking defaults for JT3/mc/m/n on input line 119.
LaTeX Font Info:    ... okay on input line 119.

Package fontspec Info: 
(fontspec)             Adjusting the maths setup (use [no-math] to avoid
(fontspec)             this).

\symlegacymaths=\mathgroup5
LaTeX Font Info:    Overwriting symbol font `legacymaths' in version `bold'
(Font)                  OT1/cmr/m/n --> OT1/cmr/bx/n on input line 119.
LaTeX Font Info:    Redeclaring math accent \acute on input line 119.
LaTeX Font Info:    Redeclaring math accent \grave on input line 119.
LaTeX Font Info:    Redeclaring math accent \ddot on input line 119.
LaTeX Font Info:    Redeclaring math accent \tilde on input line 119.
LaTeX Font Info:    Redeclaring math accent \bar on input line 119.
LaTeX Font Info:    Redeclaring math accent \breve on input line 119.
LaTeX Font Info:    Redeclaring math accent \check on input line 119.
LaTeX Font Info:    Redeclaring math accent \hat on input line 119.
LaTeX Font Info:    Redeclaring math accent \dot on input line 119.
LaTeX Font Info:    Redeclaring math accent \mathring on input line 119.
LaTeX Font Info:    Redeclaring math symbol \Gamma on input line 119.
LaTeX Font Info:    Redeclaring math symbol \Delta on input line 119.
LaTeX Font Info:    Redeclaring math symbol \Theta on input line 119.
LaTeX Font Info:    Redeclaring math symbol \Lambda on input line 119.
LaTeX Font Info:    Redeclaring math symbol \Xi on input line 119.
LaTeX Font Info:    Redeclaring math symbol \Pi on input line 119.
LaTeX Font Info:    Redeclaring math symbol \Sigma on input line 119.
LaTeX Font Info:    Redeclaring math symbol \Upsilon on input line 119.
LaTeX Font Info:    Redeclaring math symbol \Phi on input line 119.
LaTeX Font Info:    Redeclaring math symbol \Psi on input line 119.
LaTeX Font Info:    Redeclaring math symbol \Omega on input line 119.
LaTeX Font Info:    Redeclaring math symbol \mathdollar on input line 119.
LaTeX Font Info:    Redeclaring symbol font `operators' on input line 119.
LaTeX Font Info:    Encoding `OT1' has changed to `TU' for symbol font
(Font)              `operators' in the math version `normal' on input line 119.
LaTeX Font Info:    Overwriting symbol font `operators' in version `normal'
(Font)                  OT1/cmr/m/n --> TU/lmr/m/n on input line 119.
LaTeX Font Info:    Encoding `OT1' has changed to `TU' for symbol font
(Font)              `operators' in the math version `bold' on input line 119.
LaTeX Font Info:    Overwriting symbol font `operators' in version `bold'
(Font)                  OT1/cmr/bx/n --> TU/lmr/m/n on input line 119.
LaTeX Font Info:    Overwriting symbol font `operators' in version `normal'
(Font)                  TU/lmr/m/n --> TU/lmr/m/n on input line 119.
LaTeX Font Info:    Overwriting math alphabet `\mathit' in version `normal'
(Font)                  OT1/cmr/m/it --> TU/lmr/m/it on input line 119.
LaTeX Font Info:    Overwriting math alphabet `\mathbf' in version `normal'
(Font)                  OT1/cmr/bx/n --> TU/lmr/b/n on input line 119.
LaTeX Font Info:    Overwriting math alphabet `\mathsf' in version `normal'
(Font)                  OT1/cmss/m/n --> TU/lmss/m/n on input line 119.
LaTeX Font Info:    Overwriting math alphabet `\mathtt' in version `normal'
(Font)                  OT1/cmtt/m/n --> TU/lmtt/m/n on input line 119.
LaTeX Font Info:    Overwriting symbol font `operators' in version `bold'
(Font)                  TU/lmr/m/n --> TU/lmr/b/n on input line 119.
LaTeX Font Info:    Overwriting math alphabet `\mathit' in version `bold'
(Font)                  OT1/cmr/bx/it --> TU/lmr/b/it on input line 119.
LaTeX Font Info:    Overwriting math alphabet `\mathsf' in version `bold'
(Font)                  OT1/cmss/bx/n --> TU/lmss/b/n on input line 119.
LaTeX Font Info:    Overwriting math alphabet `\mathtt' in version `bold'
(Font)                  OT1/cmtt/m/n --> TU/lmtt/b/n on input line 119.
(load cache: extra_lmroman17-regular.luc)
LaTeX Font Info:    Font shape `JT3/IPAExMincho(0)/m/n' will be
(Font)              scaled to size 19.17853pt on input line 120.
LaTeX Font Info:    Font shape `JY3/IPAExMincho(0)/m/n' will be
(Font)              scaled to size 19.17853pt on input line 120.
(load cache: extra_lmroman12-bold.luc)
LaTeX Font Info:    Font shape `JT3/IPAExMincho(0)/b/n' will be
(Font)              scaled to size 19.17853pt on input line 120.
LaTeX Font Info:    Font shape `JY3/IPAExMincho(0)/b/n' will be
(Font)              scaled to size 19.17853pt on input line 120.
(load cache: extra_lmroman12-regular.luc)
LaTeX Font Info:    Font shape `JT3/IPAExMincho(0)/m/n' will be
(Font)              scaled to size 13.31586pt on input line 120.
LaTeX Font Info:    Font shape `JY3/IPAExMincho(0)/m/n' will be
(Font)              scaled to size 13.31586pt on input line 120.
LaTeX Font Info:    Font shape `JT3/IPAExMincho(0)/m/n' will be
(Font)              scaled to size 15.97903pt on input line 120.
LaTeX Font Info:    Font shape `JY3/IPAExMincho(0)/m/n' will be
(Font)              scaled to size 15.97903pt on input line 120.


[1


{c:/texlive/2024/texmf-var/fonts/map/pdftex/updmap/pdftex.map}]
LaTeX Font Info:    Font shape `JT3/IPAExMincho(0)/m/n' will be
(Font)              scaled to size 11.09656pt on input line 122.
LaTeX Font Info:    Font shape `JY3/IPAExMincho(0)/m/n' will be
(Font)              scaled to size 11.09656pt on input line 122.
LaTeX Font Info:    Font shape `JT3/IPAExGothic(0)/m/n' will be
(Font)              scaled to size 11.09656pt on input line 122.
LaTeX Font Info:    Font shape `JY3/IPAExGothic(0)/m/n' will be
(Font)              scaled to size 11.09656pt on input line 122.
(load cache: extra_lmsans12-regular.luc)
LaTeX Font Info:    Font shape `JT3/IPAExGothic(0)/m/n' will be
(Font)              scaled to size 9.24713pt on input line 125.
LaTeX Font Info:    Font shape `JY3/IPAExGothic(0)/m/n' will be
(Font)              scaled to size 9.24713pt on input line 125.
(load cache: extra_lmsans10-regular.luc)



[1

] (./out/ronbun.aux)
 ***********
LaTeX2e <2024-11-01> patch level 1
L3 programming layer <2024-11-02>
 ***********
)

Here is how much of LuaTeX's memory you used:
 7261 strings out of 475630
 156562,794899 words of node,token memory allocated
 992 words of node memory still in use:
   10 hlist, 2 vlist, 5 rule, 2 glue, 4 kern, 1 glyph, 179 attribute, 53 glue_spec, 27 attribute_list, 1 write, 13 user_defined nodes
   avail lists: 1:21,2:43568,3:404,4:157,5:33,6:31,7:4944,8:5,9:2156,10:20,11:28
 29996 multiletter control sequences out of 65536+600000
 46 fonts using 49406911 bytes
 125i,5n,131p,1990b,337s stack positions out of 10000i,1000n,20000p,200000b,200000s
<c:/texlive/2024/texmf-dist/fonts/opentype/public/lm/lmroman10-regular.otf><c:/texlive/2024/texmf-dist/fonts/opentype/public/lm/lmsans10-regular.otf><c:/texlive/2024/texmf-dist/fonts/opentype/public/lm/lmsans12-regular.otf><c:/texlive/2024/texmf-dist/fonts/opentype/public/lm/lmroman12-regular.otf><c:/texlive/2024/texmf-dist/fonts/truetype/public/ipaex/ipaexg.ttf><c:/texlive/2024/texmf-dist/fonts/opentype/public/lm/lmroman12-bold.otf><c:/texlive/2024/texmf-dist/fonts/truetype/public/ipaex/ipaexm.ttf><c:/texlive/2024/texmf-dist/fonts/opentype/public/lm/lmroman17-regular.otf>
Output written on ronbun.pdf (2 pages, 419441 bytes).

PDF statistics: 67 PDF objects out of 1000 (max. 8388607)
 38 compressed objects within 1 object stream
 0 named destinations out of 1000 (max. 131072)
 1 words of extra memory for PDF output out of 10000 (max. 100000000)

